<?xml version="1.0" encoding="UTF-8"?>
<testng-results ignored="0" total="1" passed="1" failed="0" skipped="0">
  <reporter-output>
  </reporter-output>
  <suite started-at="2021-09-04T00:53:04 PDT" name="Default suite" finished-at="2021-09-04T00:53:12 PDT" duration-ms="7876">
    <groups>
    </groups>
    <test started-at="2021-09-04T00:53:04 PDT" name="Default test" finished-at="2021-09-04T00:53:12 PDT" duration-ms="7876">
      <class name="com.arbeit.salesOrder.ViewSalesListTest">
        <test-method is-config="true" signature="openBrowser()[pri:0, instance:com.arbeit.salesOrder.ViewSalesListTest@393671df]" started-at="2021-09-04T00:53:04 PDT" name="openBrowser" finished-at="2021-09-04T00:53:08 PDT" duration-ms="3384" status="PASS">
          <reporter-output>
          </reporter-output>
        </test-method> <!-- openBrowser -->
        <test-method signature="SalesTest()[pri:0, instance:com.arbeit.salesOrder.ViewSalesListTest@393671df]" started-at="2021-09-04T00:53:08 PDT" name="SalesTest" finished-at="2021-09-04T00:53:12 PDT" duration-ms="4431" status="PASS">
          <reporter-output>
          </reporter-output>
        </test-method> <!-- SalesTest -->
      </class> <!-- com.arbeit.salesOrder.ViewSalesListTest -->
    </test> <!-- Default test -->
  </suite> <!-- Default suite -->
</testng-results>
